building test distribution under .build/ppO5mWnl06
[DZ] beginning to build App-KeePass2
[DZ] guessing dist's main_module is lib/App/KeePass2.pm
[DZ] extracting distribution abstract from lib/App/KeePass2.pm
[@GRS/@Filter/ExtraTests] rewriting release test xt/release/unused-vars.t
[@GRS/@Filter/ExtraTests] rewriting release test xt/release/pod-coverage.t
[@GRS/@Filter/ExtraTests] rewriting author test xt/author/critic.t
[DZ] writing App-KeePass2 in .build/ppO5mWnl06
Created MYMETA.yml and MYMETA.json
Creating new 'Build' script for 'App-KeePass2' version '0.03'
Building App-KeePass2
t/00-compile.t ............ ok
t/000-report-versions.t ... ok
t/App/KeePass2/Icons.t .... ok
t/author-critic.t ......... ok
t/release-pod-coverage.t .. ok
t/release-unused-vars.t ... ok
All tests successful.
Files=6, Tests=232,  9 wallclock secs ( 0.04 usr  0.01 sys +  8.76 cusr  0.33 csys =  9.14 CPU)
Result: PASS
cover
Reading database from /home/gitlab_ci/repositories/celogeek/perl-modules-app-keepass2/.build/ppO5mWnl06/cover_db


---------------------------- ------ ------ ------ ------ ------ ------ ------
File                           stmt   bran   cond    sub    pod   time  total
---------------------------- ------ ------ ------ ------ ------ ------ ------
blib/lib/App/KeePass2.pm       50.9    0.0    n/a   64.3  100.0   51.0   47.4
...lib/App/KeePass2/Icons.pm  100.0    n/a   50.0  100.0  100.0   49.0   95.1
Total                          66.7    0.0   50.0   78.3  100.0  100.0   63.9
---------------------------- ------ ------ ------ ------ ------ ------ ------


HTML output written to /home/gitlab_ci/repositories/celogeek/perl-modules-app-keepass2/.build/ppO5mWnl06/cover_db/coverage.html
done.
leaving .build/ppO5mWnl06 intact
